"E:/UE_Projects/RenderingTechniques/Content/Geometry/Meshes/CubeMaterial.uasset" 0
"E:/UE_Projects/RenderingTechniques/Content/Geometry/Meshes/CubeMaterial.uexp" 1
"E:/UE_Projects/RenderingTechniques/Content/Geometry/Meshes/1M_Cube_Chamfer.uasset" 2
"E:/UE_Projects/RenderingTechniques/Content/Geometry/Meshes/1M_Cube_Chamfer.uexp" 3
"E:/UE_Projects/RenderingTechniques/Content/Geometry/Meshes/TemplateFloor.uasset" 4
"E:/UE_Projects/RenderingTechniques/Content/Geometry/Meshes/TemplateFloor.uexp" 5
"E:/UE_Projects/RenderingTechniques/Content/RenderingTechniques/MatAndTeX/TextSample.uasset" 6
"E:/UE_Projects/RenderingTechniques/Content/RenderingTechniques/MatAndTeX/TextSample.uexp" 7
"E:/UE_Projects/RenderingTechniques/Content/RenderingTechniques/MatAndTeX/TextSample_Mat.uasset" 8
"E:/UE_Projects/RenderingTechniques/Content/RenderingTechniques/MatAndTeX/TextSample_Mat.uexp" 9
"E:/UE_Projects/RenderingTechniques/Content/RenderingTechniques/Blueprints/WidgetTextSample.uasset" 10
"E:/UE_Projects/RenderingTechniques/Content/RenderingTechniques/Blueprints/WidgetTextSample.uexp" 11
"../../../Engine/Content/EngineMaterials/T_Default_Material_Grid_N.uasset" 12
"../../../Engine/Content/EngineMaterials/T_Default_Material_Grid_N.uexp" 13
"../../../Engine/Content/EngineMaterials/T_Default_Material_Grid_N.ubulk" 14
"../../../Engine/Content/EngineMaterials/T_Default_Material_Grid_M.uasset" 15
"../../../Engine/Content/EngineMaterials/T_Default_Material_Grid_M.uexp" 16
"../../../Engine/Content/EngineMaterials/T_Default_Material_Grid_M.ubulk" 17
"../../../Engine/Content/Functions/Engine_MaterialFunctions01/Opacity/CameraDepthFade.uasset" 18
"../../../Engine/Content/Functions/Engine_MaterialFunctions01/Opacity/CameraDepthFade.uexp" 19
"../../../Engine/Content/EngineMaterials/WorldGridMaterial.uasset" 20
"../../../Engine/Content/EngineMaterials/WorldGridMaterial.uexp" 21
"../../../Engine/Content/BasicShapes/Plane.uasset" 22
"../../../Engine/Content/BasicShapes/Plane.uexp" 23
"E:/UE_Projects/RenderingTechniques/Content/RenderingTechniques/Blueprints/BP_TextStereoLayer.uasset" 24
"E:/UE_Projects/RenderingTechniques/Content/RenderingTechniques/Blueprints/BP_TextStereoLayer.uexp" 25
"E:/UE_Projects/RenderingTechniques/Content/RenderingTechniques/Blueprints/BPI_LUTSwitch.uasset" 26
"E:/UE_Projects/RenderingTechniques/Content/RenderingTechniques/Blueprints/BPI_LUTSwitch.uexp" 27
"E:/UE_Projects/RenderingTechniques/Content/RenderingTechniques/Blueprints/WidgetLUTSwitch.uasset" 28
"E:/UE_Projects/RenderingTechniques/Content/RenderingTechniques/Blueprints/WidgetLUTSwitch.uexp" 29
"E:/UE_Projects/RenderingTechniques/Content/RenderingTechniques/LUTs/LUT_Greenish.uasset" 30
"E:/UE_Projects/RenderingTechniques/Content/RenderingTechniques/LUTs/LUT_Greenish.uexp" 31
"E:/UE_Projects/RenderingTechniques/Content/RenderingTechniques/LUTs/LUT_Greenish.ubulk" 32
"E:/UE_Projects/RenderingTechniques/Content/RenderingTechniques/LUTs/LUT_Reddish.uasset" 33
"E:/UE_Projects/RenderingTechniques/Content/RenderingTechniques/LUTs/LUT_Reddish.uexp" 34
"E:/UE_Projects/RenderingTechniques/Content/RenderingTechniques/LUTs/LUT_Reddish.ubulk" 35
"E:/UE_Projects/RenderingTechniques/Content/RenderingTechniques/LUTs/LUT_Sepia.uasset" 36
"E:/UE_Projects/RenderingTechniques/Content/RenderingTechniques/LUTs/LUT_Sepia.uexp" 37
"E:/UE_Projects/RenderingTechniques/Content/RenderingTechniques/LUTs/LUT_Sepia.ubulk" 38
"E:/UE_Projects/RenderingTechniques/Content/RenderingTechniques/Blueprints/BP_ColorGradingActor.uasset" 39
"E:/UE_Projects/RenderingTechniques/Content/RenderingTechniques/Blueprints/BP_ColorGradingActor.uexp" 40
"E:/UE_Projects/RenderingTechniques/Content/RenderingTechniques/Blueprints/MyPawnStatic.uasset" 41
"E:/UE_Projects/RenderingTechniques/Content/RenderingTechniques/Blueprints/MyPawnStatic.uexp" 42
"E:/UE_Projects/RenderingTechniques/Content/RenderingTechniques/LUTs/DemoLUT_01.uasset" 43
"E:/UE_Projects/RenderingTechniques/Content/RenderingTechniques/LUTs/DemoLUT_01.uexp" 44
"E:/UE_Projects/RenderingTechniques/Content/RenderingTechniques/LUTs/DemoLUT_01.ubulk" 45
"E:/UE_Projects/RenderingTechniques/Content/RenderingTechniques/LUTs/DemoLUT_02.uasset" 46
"E:/UE_Projects/RenderingTechniques/Content/RenderingTechniques/LUTs/DemoLUT_02.uexp" 47
"E:/UE_Projects/RenderingTechniques/Content/RenderingTechniques/LUTs/DemoLUT_02.ubulk" 48
"E:/UE_Projects/RenderingTechniques/Content/RenderingTechniques/LUTs/DemoLUT_03.uasset" 49
"E:/UE_Projects/RenderingTechniques/Content/RenderingTechniques/LUTs/DemoLUT_03.uexp" 50
"E:/UE_Projects/RenderingTechniques/Content/RenderingTechniques/LUTs/DemoLUT_03.ubulk" 51
"E:/UE_Projects/RenderingTechniques/Content/RenderingTechniques/LUTs/RGBTable16x1.uasset" 52
"E:/UE_Projects/RenderingTechniques/Content/RenderingTechniques/LUTs/RGBTable16x1.uexp" 53
"E:/UE_Projects/RenderingTechniques/Content/RenderingTechniques/LUTs/RGBTable16x1.ubulk" 54
"E:/UE_Projects/RenderingTechniques/Content/RenderingTechniques/MatAndTeX/TextSample_NoMip.uasset" 55
"E:/UE_Projects/RenderingTechniques/Content/RenderingTechniques/MatAndTeX/TextSample_NoMip.uexp" 56
"../../../Engine/Content/Animation/DefaultAnimBoneCompressionSettings.uasset" 57
"../../../Engine/Content/Animation/DefaultAnimBoneCompressionSettings.uexp" 58
"../../../Engine/Content/Animation/DefaultAnimCurveCompressionSettings.uasset" 59
"../../../Engine/Content/Animation/DefaultAnimCurveCompressionSettings.uexp" 60
"../../../Engine/Content/ArtTools/RenderToTexture/Meshes/S_1_Unit_Plane.uasset" 61
"../../../Engine/Content/ArtTools/RenderToTexture/Meshes/S_1_Unit_Plane.uexp" 62
"../../../Engine/Content/EngineMaterials/DefaultMaterial.uasset" 63
"../../../Engine/Content/EngineMaterials/DefaultMaterial.uexp" 64
"../../../Engine/Content/BasicShapes/Cone.uasset" 65
"../../../Engine/Content/BasicShapes/Cone.uexp" 66
"../../../Engine/Content/BasicShapes/Cube.uasset" 67
"../../../Engine/Content/BasicShapes/Cube.uexp" 68
"../../../Engine/Content/EditorLandscapeResources/DataLayer.uasset" 69
"../../../Engine/Content/EditorLandscapeResources/DataLayer.uexp" 70
"../../../Engine/Content/EditorLandscapeResources/DefaultAlphaTexture.uasset" 71
"../../../Engine/Content/EditorLandscapeResources/DefaultAlphaTexture.uexp" 72
"../../../Engine/Content/EditorMaterials/MAT_Groups_Toggle.uasset" 73
"../../../Engine/Content/EditorMaterials/MAT_Groups_Toggle.uexp" 74
"../../../Engine/Content/EditorMaterials/MAT_Groups_Visibility.uasset" 75
"../../../Engine/Content/EditorMaterials/MAT_Groups_Visibility.uexp" 76
"../../../Engine/Content/EditorMaterials/PreviewShadowIndicator.uasset" 77
"../../../Engine/Content/EditorMaterials/PreviewShadowIndicator.uexp" 78
"../../../Engine/Content/EditorMaterials/PreviewShadowIndicator.ubulk" 79
"../../../Engine/Content/EditorMaterials/PreviewShadowIndicatorMaterial.uasset" 80
"../../../Engine/Content/EditorMaterials/PreviewShadowIndicatorMaterial.uexp" 81
"../../../Engine/Content/EditorMaterials/MatineeGroups/MAT_ColorTrack.uasset" 82
"../../../Engine/Content/EditorMaterials/MatineeGroups/MAT_ColorTrack.uexp" 83
"../../../Engine/Content/EditorMaterials/MatineeGroups/MAT_Groups_Anim.uasset" 84
"../../../Engine/Content/EditorMaterials/MatineeGroups/MAT_Groups_Anim.uexp" 85
"../../../Engine/Content/EditorMaterials/MatineeGroups/MAT_Groups_AudioMaster.uasset" 86
"../../../Engine/Content/EditorMaterials/MatineeGroups/MAT_Groups_AudioMaster.uexp" 87
"../../../Engine/Content/EditorMaterials/MatineeGroups/MAT_Groups_Director.uasset" 88
"../../../Engine/Content/EditorMaterials/MatineeGroups/MAT_Groups_Director.uexp" 89
"../../../Engine/Content/EditorMaterials/MatineeGroups/MAT_Groups_Event.uasset" 90
"../../../Engine/Content/EditorMaterials/MatineeGroups/MAT_Groups_Event.uexp" 91
"../../../Engine/Content/EditorMaterials/MatineeGroups/MAT_Groups_Fade.uasset" 92
"../../../Engine/Content/EditorMaterials/MatineeGroups/MAT_Groups_Fade.uexp" 93
"../../../Engine/Content/EditorMaterials/MatineeGroups/MAT_Groups_Float.uasset" 94
"../../../Engine/Content/EditorMaterials/MatineeGroups/MAT_Groups_Float.uexp" 95
"../../../Engine/Content/EditorMaterials/MatineeGroups/MAT_Groups_Move.uasset" 96
"../../../Engine/Content/EditorMaterials/MatineeGroups/MAT_Groups_Move.uexp" 97
"../../../Engine/Content/EditorMaterials/MatineeGroups/MAT_Groups_Slomo.uasset" 98
"../../../Engine/Content/EditorMaterials/MatineeGroups/MAT_Groups_Slomo.uexp" 99
"../../../Engine/Content/EditorMaterials/MatineeGroups/MAT_Groups_Sound.uasset" 100
"../../../Engine/Content/EditorMaterials/MatineeGroups/MAT_Groups_Sound.uexp" 101
"../../../Engine/Content/EditorMaterials/MatineeGroups/MAT_Groups_Vector.uasset" 102
"../../../Engine/Content/EditorMaterials/MatineeGroups/MAT_Groups_Vector.uexp" 103
"../../../Engine/Content/EditorMaterials/ParticleSystems/PSysThumbnail_NoImage.uasset" 104
"../../../Engine/Content/EditorMaterials/ParticleSystems/PSysThumbnail_NoImage.uexp" 105
"../../../Engine/Content/EditorMaterials/ParticleSystems/PSysThumbnail_NoImage.ubulk" 106
"../../../Engine/Content/EditorMaterials/ParticleSystems/PSysThumbnail_OOD.uasset" 107
"../../../Engine/Content/EditorMaterials/ParticleSystems/PSysThumbnail_OOD.uexp" 108
"../../../Engine/Content/EditorMaterials/ParticleSystems/PSysThumbnail_OOD.ubulk" 109
"../../../Engine/Content/EditorMaterials/Camera/CineMat.uasset" 110
"../../../Engine/Content/EditorMaterials/Camera/CineMat.uexp" 111
"../../../Engine/Content/EditorMaterials/Camera/MI_CineMat_Rig.uasset" 112
"../../../Engine/Content/EditorMaterials/Camera/MI_CineMat_Rig.uexp" 113
"../../../Engine/Content/EditorMeshes/Camera/SM_CraneRig_Arm.uasset" 114
"../../../Engine/Content/EditorMeshes/Camera/SM_CraneRig_Arm.uexp" 115
"../../../Engine/Content/EditorMeshes/Camera/SM_CraneRig_Base.uasset" 116
"../../../Engine/Content/EditorMeshes/Camera/SM_CraneRig_Base.uexp" 117
"../../../Engine/Content/EditorMeshes/Camera/SM_CraneRig_Body.uasset" 118
"../../../Engine/Content/EditorMeshes/Camera/SM_CraneRig_Body.uexp" 119
"../../../Engine/Content/EditorMeshes/Camera/SM_CraneRig_Mount.uasset" 120
"../../../Engine/Content/EditorMeshes/Camera/SM_CraneRig_Mount.uexp" 121
"../../../Engine/Content/EditorMeshes/Camera/SM_RailRig_Mount.uasset" 122
"../../../Engine/Content/EditorMeshes/Camera/SM_RailRig_Mount.uexp" 123
"../../../Engine/Content/EditorMeshes/Camera/SM_RailRig_Track.uasset" 124
"../../../Engine/Content/EditorMeshes/Camera/SM_RailRig_Track.uexp" 125
"../../../Engine/Content/EditorResources/BSPVertex.uasset" 126
"../../../Engine/Content/EditorResources/BSPVertex.uexp" 127
"../../../Engine/Content/EditorResources/EmptyActor.uasset" 128
"../../../Engine/Content/EditorResources/EmptyActor.uexp" 129
"../../../Engine/Content/EditorResources/S_Actor.uasset" 130
"../../../Engine/Content/EditorResources/S_Actor.uexp" 131
"../../../Engine/Content/EditorResources/S_Actor.ubulk" 132
"../../../Engine/Content/EditorResources/S_Note.uasset" 133
"../../../Engine/Content/EditorResources/S_Note.uexp" 134
"../../../Engine/Content/EditorResources/S_Note.ubulk" 135
"../../../Engine/Content/EditorResources/S_Solver.uasset" 136
"../../../Engine/Content/EditorResources/S_Solver.uexp" 137
"../../../Engine/Content/EditorResources/S_Solver.ubulk" 138
"../../../Engine/Content/EditorResources/S_Terrain.uasset" 139
"../../../Engine/Content/EditorResources/S_Terrain.uexp" 140
"../../../Engine/Content/EditorResources/S_Terrain.ubulk" 141
"../../../Engine/Content/EditorResources/S_Trigger.uasset" 142
"../../../Engine/Content/EditorResources/S_Trigger.uexp" 143
"../../../Engine/Content/EditorResources/S_Trigger.ubulk" 144
"../../../Engine/Content/EditorResources/LightIcons/S_LightError.uasset" 145
"../../../Engine/Content/EditorResources/LightIcons/S_LightError.uexp" 146
"../../../Engine/Content/EditorResources/SequenceRecorder/Countdown.uasset" 147
"../../../Engine/Content/EditorResources/SequenceRecorder/Countdown.uexp" 148
"../../../Engine/Content/EditorResources/SequenceRecorder/RecordingIndicator.uasset" 149
"../../../Engine/Content/EditorResources/SequenceRecorder/RecordingIndicator.uexp" 150
"../../../Engine/Content/EngineDamageTypes/DmgTypeBP_Environmental.uasset" 151
"../../../Engine/Content/EngineDamageTypes/DmgTypeBP_Environmental.uexp" 152
"../../../Engine/Content/EngineDebugMaterials/DebugEditorMaterial.uasset" 153
"../../../Engine/Content/EngineDebugMaterials/DebugEditorMaterial.uexp" 154
"../../../Engine/Content/EngineDebugMaterials/DebugMeshMaterial.uasset" 155
"../../../Engine/Content/EngineDebugMaterials/DebugMeshMaterial.uexp" 156
"../../../Engine/Content/EngineDebugMaterials/M_SimpleUnlitTranslucent.uasset" 157
"../../../Engine/Content/EngineDebugMaterials/M_SimpleUnlitTranslucent.uexp" 158
"../../../Engine/Content/EngineDebugMaterials/VolumeToRender.uasset" 159
"../../../Engine/Content/EngineDebugMaterials/VolumeToRender.uexp" 160
"../../../Engine/Content/Functions/Engine_MaterialFunctions02/Utility/CameraDirectionVector.uasset" 161
"../../../Engine/Content/Functions/Engine_MaterialFunctions02/Utility/CameraDirectionVector.uexp" 162
"../../../Engine/Content/EngineDebugMaterials/M_VolumeRenderSphereTracePP.uasset" 163
"../../../Engine/Content/EngineDebugMaterials/M_VolumeRenderSphereTracePP.uexp" 164
"../../../Engine/Content/Functions/Engine_MaterialFunctions01/Shading/ConvertFromDiffSpec.uasset" 165
"../../../Engine/Content/Functions/Engine_MaterialFunctions01/Shading/ConvertFromDiffSpec.uexp" 166
"../../../Engine/Content/EngineDebugMaterials/VertexColorMaterial.uasset" 167
"../../../Engine/Content/EngineDebugMaterials/VertexColorMaterial.uexp" 168
"../../../Engine/Content/EngineDebugMaterials/WireframeMaterial.uasset" 169
"../../../Engine/Content/EngineDebugMaterials/WireframeMaterial.uexp" 170
"../../../Engine/Content/EngineFonts/Faces/RobotoRegular.uasset" 171
"../../../Engine/Content/EngineFonts/Faces/RobotoRegular.uexp" 172
"../../../Engine/Content/EngineFonts/Faces/RobotoRegular.ufont" 173
"../../../Engine/Content/EngineFonts/Faces/RobotoLight.uasset" 174
"../../../Engine/Content/EngineFonts/Faces/RobotoLight.uexp" 175
"../../../Engine/Content/EngineFonts/Faces/RobotoLight.ufont" 176
"../../../Engine/Content/EngineFonts/Faces/RobotoItalic.uasset" 177
"../../../Engine/Content/EngineFonts/Faces/RobotoItalic.uexp" 178
"../../../Engine/Content/EngineFonts/Faces/RobotoItalic.ufont" 179
"../../../Engine/Content/EngineFonts/Faces/RobotoBoldItalic.uasset" 180
"../../../Engine/Content/EngineFonts/Faces/RobotoBoldItalic.uexp" 181
"../../../Engine/Content/EngineFonts/Faces/RobotoBoldItalic.ufont" 182
"../../../Engine/Content/EngineFonts/Faces/RobotoBold.uasset" 183
"../../../Engine/Content/EngineFonts/Faces/RobotoBold.uexp" 184
"../../../Engine/Content/EngineFonts/Faces/RobotoBold.ufont" 185
"../../../Engine/Content/EngineFonts/Faces/DroidSansFallback.uasset" 186
"../../../Engine/Content/EngineFonts/Faces/DroidSansFallback.uexp" 187
"../../../Engine/Content/EngineFonts/Faces/DroidSansFallback.ufont" 188
"../../../Engine/Content/EngineFonts/Roboto.uasset" 189
"../../../Engine/Content/EngineFonts/Roboto.uexp" 190
"../../../Engine/Content/EngineMaterials/BaseFlattenNormalMap.uasset" 191
"../../../Engine/Content/EngineMaterials/BaseFlattenNormalMap.uexp" 192
"../../../Engine/Content/EngineMaterials/BaseFlattenGrayscaleMap.uasset" 193
"../../../Engine/Content/EngineMaterials/BaseFlattenGrayscaleMap.uexp" 194
"../../../Engine/Content/EngineMaterials/BaseFlattenEmissiveMap.uasset" 195
"../../../Engine/Content/EngineMaterials/BaseFlattenEmissiveMap.uexp" 196
"../../../Engine/Content/EngineMaterials/BaseFlattenDiffuseMap.uasset" 197
"../../../Engine/Content/EngineMaterials/BaseFlattenDiffuseMap.uexp" 198
"../../../Engine/Content/EngineMaterials/BaseFlattenMaterial.uasset" 199
"../../../Engine/Content/EngineMaterials/BaseFlattenMaterial.uexp" 200
"../../../Engine/Content/EngineMaterials/BlueNoise.uasset" 201
"../../../Engine/Content/EngineMaterials/BlueNoise.uexp" 202
"../../../Engine/Content/EngineMaterials/DefaultBloomKernel.uasset" 203
"../../../Engine/Content/EngineMaterials/DefaultBloomKernel.uexp" 204
"../../../Engine/Content/EngineMaterials/DefaultBokeh.uasset" 205
"../../../Engine/Content/EngineMaterials/DefaultBokeh.uexp" 206
"../../../Engine/Content/EngineMaterials/DefaultDiffuse.uasset" 207
"../../../Engine/Content/EngineMaterials/DefaultDiffuse.uexp" 208
"../../../Engine/Content/EngineMaterials/DefaultDiffuse.ubulk" 209
"../../../Engine/Content/EngineMaterials/DefaultDeferredDecalMaterial.uasset" 210
"../../../Engine/Content/EngineMaterials/DefaultDeferredDecalMaterial.uexp" 211
"../../../Engine/Content/EngineMaterials/DefaultLightFunctionMaterial.uasset" 212
"../../../Engine/Content/EngineMaterials/DefaultLightFunctionMaterial.uexp" 213
"../../../Engine/Content/EngineMaterials/DefaultPhysicalMaterial.uasset" 214
"../../../Engine/Content/EngineMaterials/DefaultPhysicalMaterial.uexp" 215
"../../../Engine/Content/Functions/Engine_MaterialFunctions02/Utility/BreakOutFloat2Components.uasset" 216
"../../../Engine/Content/Functions/Engine_MaterialFunctions02/Utility/BreakOutFloat2Components.uexp" 217
"../../../Engine/Content/EngineMaterials/DefaultPostProcessMaterial.uasset" 218
"../../../Engine/Content/EngineMaterials/DefaultPostProcessMaterial.uexp" 219
"../../../Engine/Content/EngineFonts/RobotoDistanceField.uasset" 220
"../../../Engine/Content/EngineFonts/RobotoDistanceField.uexp" 221
"../../../Engine/Content/EngineMaterials/DefaultTextMaterialOpaque.uasset" 222
"../../../Engine/Content/EngineMaterials/DefaultTextMaterialOpaque.uexp" 223
"../../../Engine/Content/EngineMaterials/DefaultWhiteGrid.uasset" 224
"../../../Engine/Content/EngineMaterials/DefaultWhiteGrid.uexp" 225
"../../../Engine/Content/EngineMaterials/DefaultWhiteGrid.ubulk" 226
"../../../Engine/Content/EngineMaterials/DefaultWhiteGrid_Low.uasset" 227
"../../../Engine/Content/EngineMaterials/DefaultWhiteGrid_Low.uexp" 228
"../../../Engine/Content/EngineMaterials/EmissiveMeshMaterial.uasset" 229
"../../../Engine/Content/EngineMaterials/EmissiveMeshMaterial.uexp" 230
"../../../Engine/Content/EngineMaterials/GizmoMaterial.uasset" 231
"../../../Engine/Content/EngineMaterials/GizmoMaterial.uexp" 232
"../../../Engine/Content/EngineMaterials/MiniFont.uasset" 233
"../../../Engine/Content/EngineMaterials/MiniFont.uexp" 234
"../../../Engine/Content/EngineMaterials/InvalidLightmapSettings.uasset" 235
"../../../Engine/Content/EngineMaterials/InvalidLightmapSettings.uexp" 236
"../../../Engine/Content/EngineMaterials/InvalidLightmapSettings.ubulk" 237
"../../../Engine/Content/EngineMaterials/M_InvalidLightmapSettings.uasset" 238
"../../../Engine/Content/EngineMaterials/M_InvalidLightmapSettings.uexp" 239
"../../../Engine/Content/Functions/Engine_MaterialFunctions02/WorldPositionOffset/CameraOffset.uasset" 240
"../../../Engine/Content/Functions/Engine_MaterialFunctions02/WorldPositionOffset/CameraOffset.uexp" 241
"../../../Engine/Content/EngineMaterials/PhAT_JointLimitMaterial.uasset" 242
"../../../Engine/Content/EngineMaterials/PhAT_JointLimitMaterial.uexp" 243
"../../../Engine/Content/EngineMaterials/PreintegratedSkinBRDF.uasset" 244
"../../../Engine/Content/EngineMaterials/PreintegratedSkinBRDF.uexp" 245
"../../../Engine/Content/EngineMaterials/RemoveSurfaceMaterial.uasset" 246
"../../../Engine/Content/EngineMaterials/RemoveSurfaceMaterial.uexp" 247
"../../../Engine/Content/EngineMaterials/WeightMapPlaceholderTexture.uasset" 248
"../../../Engine/Content/EngineMaterials/WeightMapPlaceholderTexture.uexp" 249
"../../../Engine/Content/EngineResources/WhiteSquareTexture.uasset" 250
"../../../Engine/Content/EngineResources/WhiteSquareTexture.uexp" 251
"../../../Engine/Content/EngineMaterials/Widget3DPassThrough.uasset" 252
"../../../Engine/Content/EngineMaterials/Widget3DPassThrough.uexp" 253
"../../../Engine/Content/EngineMaterials/Widget3DPassThrough_Masked.uasset" 254
"../../../Engine/Content/EngineMaterials/Widget3DPassThrough_Masked.uexp" 255
"../../../Engine/Content/EngineMaterials/Widget3DPassThrough_Opaque.uasset" 256
"../../../Engine/Content/EngineMaterials/Widget3DPassThrough_Opaque.uexp" 257
"../../../Engine/Content/EngineMaterials/Widget3DPassThrough_Masked_OneSided.uasset" 258
"../../../Engine/Content/EngineMaterials/Widget3DPassThrough_Masked_OneSided.uexp" 259
"../../../Engine/Content/EngineMaterials/Widget3DPassThrough_Opaque_OneSided.uasset" 260
"../../../Engine/Content/EngineMaterials/Widget3DPassThrough_Opaque_OneSided.uexp" 261
"../../../Engine/Content/EngineMaterials/Widget3DPassThrough_Translucent.uasset" 262
"../../../Engine/Content/EngineMaterials/Widget3DPassThrough_Translucent.uexp" 263
"../../../Engine/Content/EngineMaterials/Widget3DPassThrough_Translucent_OneSided.uasset" 264
"../../../Engine/Content/EngineMaterials/Widget3DPassThrough_Translucent_OneSided.uexp" 265
"../../../Engine/Content/EngineMeshes/Cylinder.uasset" 266
"../../../Engine/Content/EngineMeshes/Cylinder.uexp" 267
"../../../Engine/Content/EngineMeshes/Sphere.uasset" 268
"../../../Engine/Content/EngineMeshes/Sphere.uexp" 269
"../../../Engine/Content/EngineResources/Black.uasset" 270
"../../../Engine/Content/EngineResources/Black.uexp" 271
"../../../Engine/Content/EngineResources/DefaultTexture.uasset" 272
"../../../Engine/Content/EngineResources/DefaultTexture.uexp" 273
"../../../Engine/Content/EngineResources/DefaultTexture.ubulk" 274
"../../../Engine/Content/EngineResources/DefaultTextureCube.uasset" 275
"../../../Engine/Content/EngineResources/DefaultTextureCube.uexp" 276
"../../../Engine/Content/EngineResources/DefaultVolumeTexture2D.uasset" 277
"../../../Engine/Content/EngineResources/DefaultVolumeTexture2D.uexp" 278
"../../../Engine/Content/EngineResources/DefaultVolumeTexture.uasset" 279
"../../../Engine/Content/EngineResources/DefaultVolumeTexture.uexp" 280
"../../../Engine/Content/EngineResources/GradientTexture0.uasset" 281
"../../../Engine/Content/EngineResources/GradientTexture0.uexp" 282
"../../../Engine/Content/EngineSky/VolumetricClouds/T_NoiseShape64.uasset" 283
"../../../Engine/Content/EngineSky/VolumetricClouds/T_NoiseShape64.uexp" 284
"../../../Engine/Content/EngineSky/VolumetricClouds/T_NoiseShape64.ubulk" 285
"../../../Engine/Content/EngineSky/VolumetricClouds/T_VolumeNoiseShape64.uasset" 286
"../../../Engine/Content/EngineSky/VolumetricClouds/T_VolumeNoiseShape64.uexp" 287
"../../../Engine/Content/EngineSky/VolumetricClouds/T_NoiseErosion.uasset" 288
"../../../Engine/Content/EngineSky/VolumetricClouds/T_NoiseErosion.uexp" 289
"../../../Engine/Content/EngineSky/VolumetricClouds/T_NoiseErosion.ubulk" 290
"../../../Engine/Content/EngineSky/VolumetricClouds/T_VolumeNoiseErosion32.uasset" 291
"../../../Engine/Content/EngineSky/VolumetricClouds/T_VolumeNoiseErosion32.uexp" 292
"../../../Engine/Content/EngineSky/VolumetricClouds/CloudWeatherTexture.uasset" 293
"../../../Engine/Content/EngineSky/VolumetricClouds/CloudWeatherTexture.uexp" 294
"../../../Engine/Content/EngineSky/VolumetricClouds/CloudGradientTexture.uasset" 295
"../../../Engine/Content/EngineSky/VolumetricClouds/CloudGradientTexture.uexp" 296
"../../../Engine/Content/Functions/Engine_MaterialFunctions02/Utility/MakeFloat2.uasset" 297
"../../../Engine/Content/Functions/Engine_MaterialFunctions02/Utility/MakeFloat2.uexp" 298
"../../../Engine/Content/EngineSky/VolumetricClouds/m_SimpleVolumetricCloud.uasset" 299
"../../../Engine/Content/EngineSky/VolumetricClouds/m_SimpleVolumetricCloud.uexp" 300
"../../../Engine/Content/EngineSky/VolumetricClouds/m_SimpleVolumetricCloud_Inst.uasset" 301
"../../../Engine/Content/EngineSky/VolumetricClouds/m_SimpleVolumetricCloud_Inst.uexp" 302
"../../../Engine/Content/EngineSounds/Master.uasset" 303
"../../../Engine/Content/EngineSounds/Master.uexp" 304
"../../../Engine/Content/Functions/Engine_MaterialFunctions01/Shading/PowerToRoughness.uasset" 305
"../../../Engine/Content/Functions/Engine_MaterialFunctions01/Shading/PowerToRoughness.uexp" 306
"../../../Engine/Content/Maps/Templates/Thumbnails/Default.uasset" 307
"../../../Engine/Content/Maps/Templates/Thumbnails/Default.uexp" 308
"../../../Engine/Content/Maps/Templates/Thumbnails/TimeOfDay.uasset" 309
"../../../Engine/Content/Maps/Templates/Thumbnails/TimeOfDay.uexp" 310
"../../../Engine/Content/Maps/Templates/Thumbnails/VR-Basic.uasset" 311
"../../../Engine/Content/Maps/Templates/Thumbnails/VR-Basic.uexp" 312
"../../../Engine/Content/MobileResources/T_MobileControls_texture.uasset" 313
"../../../Engine/Content/MobileResources/T_MobileControls_texture.uexp" 314
"../../../Engine/Content/MobileResources/T_MobileMenu2.uasset" 315
"../../../Engine/Content/MobileResources/T_MobileMenu2.uexp" 316
"../../../Engine/Content/MobileResources/HUD/AnalogHat.uasset" 317
"../../../Engine/Content/MobileResources/HUD/AnalogHat.uexp" 318
"../../../Engine/Content/MobileResources/HUD/VirtualJoystick_Thumb.uasset" 319
"../../../Engine/Content/MobileResources/HUD/VirtualJoystick_Thumb.uexp" 320
"../../../Engine/Content/MobileResources/HUD/VirtualJoystick_Background.uasset" 321
"../../../Engine/Content/MobileResources/HUD/VirtualJoystick_Background.uexp" 322
"../../../Engine/Content/MobileResources/HUD/DefaultVirtualJoysticks.uasset" 323
"../../../Engine/Content/MobileResources/HUD/DefaultVirtualJoysticks.uexp" 324
"../../../Engine/Content/MobileResources/HUD/LeftVirtualJoystickOnly.uasset" 325
"../../../Engine/Content/MobileResources/HUD/LeftVirtualJoystickOnly.uexp" 326
"../../../Engine/Content/MobileResources/HUD/MobileHUDButton1_off.uasset" 327
"../../../Engine/Content/MobileResources/HUD/MobileHUDButton1_off.uexp" 328
"../../../Engine/Content/MobileResources/HUD/MobileHUDButton1_on.uasset" 329
"../../../Engine/Content/MobileResources/HUD/MobileHUDButton1_on.uexp" 330
"../../../Engine/Content/MobileResources/HUD/MobileHUDButton2_off.uasset" 331
"../../../Engine/Content/MobileResources/HUD/MobileHUDButton2_off.uexp" 332
"../../../Engine/Content/MobileResources/HUD/MobileHUDButton2_on.uasset" 333
"../../../Engine/Content/MobileResources/HUD/MobileHUDButton2_on.uexp" 334
"../../../Engine/Content/MobileResources/HUD/MobileHUDButton3.uasset" 335
"../../../Engine/Content/MobileResources/HUD/MobileHUDButton3.uexp" 336
"../../../Engine/Content/MobileResources/HUD/MobileHUDButtonFire.uasset" 337
"../../../Engine/Content/MobileResources/HUD/MobileHUDButtonFire.uexp" 338
"../../../Engine/Content/MobileResources/HUD/MobileHUDDirectionPad.uasset" 339
"../../../Engine/Content/MobileResources/HUD/MobileHUDDirectionPad.uexp" 340
"../../../Engine/Content/MobileResources/HUD/MobileHUDDirectionPad2.uasset" 341
"../../../Engine/Content/MobileResources/HUD/MobileHUDDirectionPad2.uexp" 342
"../../../Engine/Content/MobileResources/HUD/MobileHUDDirectionPad3.uasset" 343
"../../../Engine/Content/MobileResources/HUD/MobileHUDDirectionPad3.uexp" 344
"../../../Engine/Content/MobileResources/HUD/MobileHUDDirectionStick.uasset" 345
"../../../Engine/Content/MobileResources/HUD/MobileHUDDirectionStick.uexp" 346
"../../../Engine/Content/MobileResources/HUD/T_Castle_ThumbstickInner.uasset" 347
"../../../Engine/Content/MobileResources/HUD/T_Castle_ThumbstickInner.uexp" 348
"../../../Engine/Content/MobileResources/HUD/T_Castle_ThumbstickOutter.uasset" 349
"../../../Engine/Content/MobileResources/HUD/T_Castle_ThumbstickOutter.uexp" 350
"../../../Engine/Content/Tutorial/ContentIntroCurve.uasset" 351
"../../../Engine/Content/Tutorial/ContentIntroCurve.uexp" 352
"../../../Engine/Content/VREditor/TransformGizmo/TranslucentTransformGizmoMaterial.uasset" 353
"../../../Engine/Content/VREditor/TransformGizmo/TranslucentTransformGizmoMaterial.uexp" 354
"../../../Engine/Content/VREditor/LaserPointer/VR_LaserPower_01.uasset" 355
"../../../Engine/Content/VREditor/LaserPointer/VR_LaserPower_01.uexp" 356
"../../../Engine/Content/VREditor/LaserPointer/VR_LaserPower_01.ubulk" 357
"../../../Engine/Content/VREditor/TransformGizmo/TransformGizmoMaterial.uasset" 358
"../../../Engine/Content/VREditor/TransformGizmo/TransformGizmoMaterial.uexp" 359
"../../../Engine/Content/VREditor/TransformGizmo/BoundingBoxCorner.uasset" 360
"../../../Engine/Content/VREditor/TransformGizmo/BoundingBoxCorner.uexp" 361
"../../../Engine/Content/VREditor/TransformGizmo/BoundingBoxEdge.uasset" 362
"../../../Engine/Content/VREditor/TransformGizmo/BoundingBoxEdge.uexp" 363
"../../../Engine/Content/VREditor/TransformGizmo/PlaneTranslationHandle.uasset" 364
"../../../Engine/Content/VREditor/TransformGizmo/PlaneTranslationHandle.uexp" 365
"../../../Engine/Content/VREditor/TransformGizmo/Xray.uasset" 366
"../../../Engine/Content/VREditor/TransformGizmo/Xray.uexp" 367
"../../../Engine/Content/VREditor/TransformGizmo/Main.uasset" 368
"../../../Engine/Content/VREditor/TransformGizmo/Main.uexp" 369
"../../../Engine/Content/VREditor/TransformGizmo/SM_Sequencer_Key.uasset" 370
"../../../Engine/Content/VREditor/TransformGizmo/SM_Sequencer_Key.uexp" 371
"../../../Engine/Content/VREditor/TransformGizmo/SM_Sequencer_Node.uasset" 372
"../../../Engine/Content/VREditor/TransformGizmo/SM_Sequencer_Node.uexp" 373
"../../../Engine/Plugins/2D/Paper2D/Content/PlaceholderTextures/DummySpriteTexture.uasset" 374
"../../../Engine/Plugins/2D/Paper2D/Content/PlaceholderTextures/DummySpriteTexture.uexp" 375
"../../../Engine/Plugins/2D/Paper2D/Content/PlaceholderTextures/DummySpriteTexture.ubulk" 376
"../../../Engine/Plugins/2D/Paper2D/Content/DummySprite.uasset" 377
"../../../Engine/Plugins/2D/Paper2D/Content/DummySprite.uexp" 378
"../../../Engine/Plugins/2D/Paper2D/Content/DefaultPaperTerrainMaterial.uasset" 379
"../../../Engine/Plugins/2D/Paper2D/Content/DefaultPaperTerrainMaterial.uexp" 380
"../../../Engine/Plugins/2D/Paper2D/Content/DefaultSpriteMaterial.uasset" 381
"../../../Engine/Plugins/2D/Paper2D/Content/DefaultSpriteMaterial.uexp" 382
"../../../Engine/Plugins/2D/Paper2D/Content/MaskedUnlitSpriteMaterial.uasset" 383
"../../../Engine/Plugins/2D/Paper2D/Content/MaskedUnlitSpriteMaterial.uexp" 384
"../../../Engine/Plugins/2D/Paper2D/Content/OpaqueUnlitSpriteMaterial.uasset" 385
"../../../Engine/Plugins/2D/Paper2D/Content/OpaqueUnlitSpriteMaterial.uexp" 386
"../../../Engine/Content/Functions/Engine_MaterialFunctions02/Utility/BreakOutFloat3Components.uasset" 387
"../../../Engine/Content/Functions/Engine_MaterialFunctions02/Utility/BreakOutFloat3Components.uexp" 388
"../../../Engine/Content/Functions/Engine_MaterialFunctions02/Utility/VectorLength.uasset" 389
"../../../Engine/Content/Functions/Engine_MaterialFunctions02/Utility/VectorLength.uexp" 390
"../../../Engine/Content/Functions/Engine_MaterialFunctions02/WorldPositionOffset/ObjectScale.uasset" 391
"../../../Engine/Content/Functions/Engine_MaterialFunctions02/WorldPositionOffset/ObjectScale.uexp" 392
"../../../Engine/Content/Functions/Engine_MaterialFunctions02/ObjectLocalBounds.uasset" 393
"../../../Engine/Content/Functions/Engine_MaterialFunctions02/ObjectLocalBounds.uexp" 394
"../../../Engine/Plugins/Editor/SpeedTreeImporter/Content/SpeedTree9/UnpackInteger3.uasset" 395
"../../../Engine/Plugins/Editor/SpeedTreeImporter/Content/SpeedTree9/UnpackInteger3.uexp" 396
"../../../Engine/Plugins/Editor/SpeedTreeImporter/Content/SpeedTree9/UnpackDirection.uasset" 397
"../../../Engine/Plugins/Editor/SpeedTreeImporter/Content/SpeedTree9/UnpackDirection.uexp" 398
"../../../Engine/Plugins/Editor/SpeedTreeImporter/Content/SpeedTree9/game_wind_noise.uasset" 399
"../../../Engine/Plugins/Editor/SpeedTreeImporter/Content/SpeedTree9/game_wind_noise.uexp" 400
"../../../Engine/Plugins/Editor/SpeedTreeImporter/Content/SpeedTree9/game_wind_noise.ubulk" 401
"../../../Engine/Content/Functions/Engine_MaterialFunctions02/SafeNormalize.uasset" 402
"../../../Engine/Content/Functions/Engine_MaterialFunctions02/SafeNormalize.uexp" 403
"../../../Engine/Plugins/Editor/SpeedTreeImporter/Content/SpeedTree9/SpeedTreeWindMotion.uasset" 404
"../../../Engine/Plugins/Editor/SpeedTreeImporter/Content/SpeedTree9/SpeedTreeWindMotion.uexp" 405
"../../../Engine/Plugins/Editor/SpeedTreeImporter/Content/SpeedTree9/SpeedTreeBranchMotion.uasset" 406
"../../../Engine/Plugins/Editor/SpeedTreeImporter/Content/SpeedTree9/SpeedTreeBranchMotion.uexp" 407
"../../../Engine/Content/Functions/Engine_MaterialFunctions02/UVs/BoundingBoxBased_0-1_UVW.uasset" 408
"../../../Engine/Content/Functions/Engine_MaterialFunctions02/UVs/BoundingBoxBased_0-1_UVW.uexp" 409
"../../../Engine/Plugins/Editor/SpeedTreeImporter/Content/SpeedTree9/SpeedTreeWind.uasset" 410
"../../../Engine/Plugins/Editor/SpeedTreeImporter/Content/SpeedTree9/SpeedTreeWind.uexp" 411
"../../../Engine/Plugins/Editor/SpeedTreeImporter/Content/SpeedTree9/SpeedTreeBillboard.uasset" 412
"../../../Engine/Plugins/Editor/SpeedTreeImporter/Content/SpeedTree9/SpeedTreeBillboard.uexp" 413
"../../../Engine/Plugins/Editor/SpeedTreeImporter/Content/SpeedTree9/EmptyNormal.uasset" 414
"../../../Engine/Plugins/Editor/SpeedTreeImporter/Content/SpeedTree9/EmptyNormal.uexp" 415
"../../../Engine/Plugins/Editor/SpeedTreeImporter/Content/SpeedTree9/Empty.uasset" 416
"../../../Engine/Plugins/Editor/SpeedTreeImporter/Content/SpeedTree9/Empty.uexp" 417
"../../../Engine/Plugins/Editor/SpeedTreeImporter/Content/SpeedTree9/SpeedTreeBillboardMaster.uasset" 418
"../../../Engine/Plugins/Editor/SpeedTreeImporter/Content/SpeedTree9/SpeedTreeBillboardMaster.uexp" 419
"../../../Engine/Plugins/Editor/SpeedTreeImporter/Content/SpeedTree9/SpeedTreeCameraFacing.uasset" 420
"../../../Engine/Plugins/Editor/SpeedTreeImporter/Content/SpeedTree9/SpeedTreeCameraFacing.uexp" 421
"../../../Engine/Plugins/Editor/SpeedTreeImporter/Content/SpeedTree9/SpeedTreeMaster.uasset" 422
"../../../Engine/Plugins/Editor/SpeedTreeImporter/Content/SpeedTree9/SpeedTreeMaster.uexp" 423
"../../../Engine/Content/ArtTools/RenderToTexture/Materials/Debug/M_Emissive_Color.uasset" 424
"../../../Engine/Content/ArtTools/RenderToTexture/Materials/Debug/M_Emissive_Color.uexp" 425
"../../../Engine/Content/BasicShapes/Cylinder.uasset" 426
"../../../Engine/Content/BasicShapes/Cylinder.uexp" 427
"E:/UE_Projects/RenderingTechniques/Plugins/PICOXR/Content/Blueprint/BP_PXR_Cubemap.uasset" 428
"E:/UE_Projects/RenderingTechniques/Plugins/PICOXR/Content/Blueprint/BP_PXR_Cubemap.uexp" 429
"E:/UE_Projects/RenderingTechniques/Plugins/PICOXR/Content/Blueprint/PHFDataTable.uasset" 430
"E:/UE_Projects/RenderingTechniques/Plugins/PICOXR/Content/Blueprint/PHFDataTable.uexp" 431
"E:/UE_Projects/RenderingTechniques/Plugins/PICOXR/Content/Textures/G2Texture/G2_Normal.uasset" 432
"E:/UE_Projects/RenderingTechniques/Plugins/PICOXR/Content/Textures/G2Texture/G2_Normal.uexp" 433
"E:/UE_Projects/RenderingTechniques/Plugins/PICOXR/Content/Materials/Mat_Controller.uasset" 434
"E:/UE_Projects/RenderingTechniques/Plugins/PICOXR/Content/Materials/Mat_Controller.uexp" 435
"E:/UE_Projects/RenderingTechniques/Plugins/PICOXR/Content/Materials/Mat_EyeMask.uasset" 436
"E:/UE_Projects/RenderingTechniques/Plugins/PICOXR/Content/Materials/Mat_EyeMask.uexp" 437
"E:/UE_Projects/RenderingTechniques/Plugins/PICOXR/Content/Materials/Mat_MRC.uasset" 438
"E:/UE_Projects/RenderingTechniques/Plugins/PICOXR/Content/Materials/Mat_MRC.uexp" 439
"E:/UE_Projects/RenderingTechniques/Plugins/PICOXR/Content/Materials/UnderlayMaterial.uasset" 440
"E:/UE_Projects/RenderingTechniques/Plugins/PICOXR/Content/Materials/UnderlayMaterial.uexp" 441
"E:/UE_Projects/RenderingTechniques/Plugins/PICOXR/Content/Materials/Hand/M_Ray.uasset" 442
"E:/UE_Projects/RenderingTechniques/Plugins/PICOXR/Content/Materials/Hand/M_Ray.uexp" 443
"E:/UE_Projects/RenderingTechniques/Plugins/PICOXR/Content/Materials/Hand/MI_Ray.uasset" 444
"E:/UE_Projects/RenderingTechniques/Plugins/PICOXR/Content/Materials/Hand/MI_Ray.uexp" 445
"E:/UE_Projects/RenderingTechniques/Plugins/PICOXR/Content/Materials/Mat_TouchPoint.uasset" 446
"E:/UE_Projects/RenderingTechniques/Plugins/PICOXR/Content/Materials/Mat_TouchPoint.uexp" 447
"E:/UE_Projects/RenderingTechniques/Plugins/PICOXR/Content/Meshes/Mesh_TouchPoint.uasset" 448
"E:/UE_Projects/RenderingTechniques/Plugins/PICOXR/Content/Meshes/Mesh_TouchPoint.uexp" 449
"E:/UE_Projects/RenderingTechniques/Plugins/PICOXR/Content/Textures/MRCRT_BG.uasset" 450
"E:/UE_Projects/RenderingTechniques/Plugins/PICOXR/Content/Textures/MRCRT_BG.uexp" 451
"E:/UE_Projects/RenderingTechniques/Plugins/PICOXR/Content/Textures/MRCRT_FG.uasset" 452
"E:/UE_Projects/RenderingTechniques/Plugins/PICOXR/Content/Textures/MRCRT_FG.uexp" 453
"E:/UE_Projects/RenderingTechniques/Plugins/PICOXR/Content/Textures/G2Texture/G2_Back.uasset" 454
"E:/UE_Projects/RenderingTechniques/Plugins/PICOXR/Content/Textures/G2Texture/G2_Back.uexp" 455
"E:/UE_Projects/RenderingTechniques/Plugins/PICOXR/Content/Textures/G2Texture/G2_Home.uasset" 456
"E:/UE_Projects/RenderingTechniques/Plugins/PICOXR/Content/Textures/G2Texture/G2_Home.uexp" 457
"E:/UE_Projects/RenderingTechniques/Plugins/PICOXR/Content/Textures/G2Texture/G2_Touchpad.uasset" 458
"E:/UE_Projects/RenderingTechniques/Plugins/PICOXR/Content/Textures/G2Texture/G2_Touchpad.uexp" 459
"E:/UE_Projects/RenderingTechniques/Plugins/PICOXR/Content/Textures/G2Texture/G2_Trigger.uasset" 460
"E:/UE_Projects/RenderingTechniques/Plugins/PICOXR/Content/Textures/G2Texture/G2_Trigger.uexp" 461
"E:/UE_Projects/RenderingTechniques/Plugins/PICOXR/Content/Textures/G2Texture/G2_VolumeDown.uasset" 462
"E:/UE_Projects/RenderingTechniques/Plugins/PICOXR/Content/Textures/G2Texture/G2_VolumeDown.uexp" 463
"E:/UE_Projects/RenderingTechniques/Plugins/PICOXR/Content/Textures/G2Texture/G2_VolumeUp.uasset" 464
"E:/UE_Projects/RenderingTechniques/Plugins/PICOXR/Content/Textures/G2Texture/G2_VolumeUp.uexp" 465
"E:/UE_Projects/RenderingTechniques/Plugins/PICOXR/Content/Textures/Neo2Texture/Neo2_A.uasset" 466
"E:/UE_Projects/RenderingTechniques/Plugins/PICOXR/Content/Textures/Neo2Texture/Neo2_A.uexp" 467
"E:/UE_Projects/RenderingTechniques/Plugins/PICOXR/Content/Textures/Neo2Texture/Neo2_B.uasset" 468
"E:/UE_Projects/RenderingTechniques/Plugins/PICOXR/Content/Textures/Neo2Texture/Neo2_B.uexp" 469
"E:/UE_Projects/RenderingTechniques/Plugins/PICOXR/Content/Textures/Neo2Texture/Neo2_Back.uasset" 470
"E:/UE_Projects/RenderingTechniques/Plugins/PICOXR/Content/Textures/Neo2Texture/Neo2_Back.uexp" 471
"E:/UE_Projects/RenderingTechniques/Plugins/PICOXR/Content/Textures/Neo2Texture/Neo2_Grip.uasset" 472
"E:/UE_Projects/RenderingTechniques/Plugins/PICOXR/Content/Textures/Neo2Texture/Neo2_Grip.uexp" 473
"E:/UE_Projects/RenderingTechniques/Plugins/PICOXR/Content/Textures/Neo2Texture/Neo2_Home.uasset" 474
"E:/UE_Projects/RenderingTechniques/Plugins/PICOXR/Content/Textures/Neo2Texture/Neo2_Home.uexp" 475
"E:/UE_Projects/RenderingTechniques/Plugins/PICOXR/Content/Textures/Neo2Texture/Neo2_Rocker.uasset" 476
"E:/UE_Projects/RenderingTechniques/Plugins/PICOXR/Content/Textures/Neo2Texture/Neo2_Rocker.uexp" 477
"E:/UE_Projects/RenderingTechniques/Plugins/PICOXR/Content/Textures/Neo2Texture/Neo2_Trigger.uasset" 478
"E:/UE_Projects/RenderingTechniques/Plugins/PICOXR/Content/Textures/Neo2Texture/Neo2_Trigger.uexp" 479
"E:/UE_Projects/RenderingTechniques/Plugins/PICOXR/Content/Textures/Neo2Texture/Neo2_X.uasset" 480
"E:/UE_Projects/RenderingTechniques/Plugins/PICOXR/Content/Textures/Neo2Texture/Neo2_X.uexp" 481
"E:/UE_Projects/RenderingTechniques/Plugins/PICOXR/Content/Textures/Neo2Texture/Neo2_Y.uasset" 482
"E:/UE_Projects/RenderingTechniques/Plugins/PICOXR/Content/Textures/Neo2Texture/Neo2_Y.uexp" 483
"E:/UE_Projects/RenderingTechniques/Plugins/PICOXR/Content/Textures/Neo3Texture/Neo3_A.uasset" 484
"E:/UE_Projects/RenderingTechniques/Plugins/PICOXR/Content/Textures/Neo3Texture/Neo3_A.uexp" 485
"E:/UE_Projects/RenderingTechniques/Plugins/PICOXR/Content/Textures/Neo3Texture/Neo3_B.uasset" 486
"E:/UE_Projects/RenderingTechniques/Plugins/PICOXR/Content/Textures/Neo3Texture/Neo3_B.uexp" 487
"E:/UE_Projects/RenderingTechniques/Plugins/PICOXR/Content/Textures/Neo3Texture/Neo3_Back.uasset" 488
"E:/UE_Projects/RenderingTechniques/Plugins/PICOXR/Content/Textures/Neo3Texture/Neo3_Back.uexp" 489
"E:/UE_Projects/RenderingTechniques/Plugins/PICOXR/Content/Textures/Neo3Texture/Neo3_Grip.uasset" 490
"E:/UE_Projects/RenderingTechniques/Plugins/PICOXR/Content/Textures/Neo3Texture/Neo3_Grip.uexp" 491
"E:/UE_Projects/RenderingTechniques/Plugins/PICOXR/Content/Textures/Neo3Texture/Neo3_Home.uasset" 492
"E:/UE_Projects/RenderingTechniques/Plugins/PICOXR/Content/Textures/Neo3Texture/Neo3_Home.uexp" 493
"E:/UE_Projects/RenderingTechniques/Plugins/PICOXR/Content/Textures/Neo3Texture/Neo3_Rocker.uasset" 494
"E:/UE_Projects/RenderingTechniques/Plugins/PICOXR/Content/Textures/Neo3Texture/Neo3_Rocker.uexp" 495
"E:/UE_Projects/RenderingTechniques/Plugins/PICOXR/Content/Textures/Neo3Texture/Neo3_Trigger.uasset" 496
"E:/UE_Projects/RenderingTechniques/Plugins/PICOXR/Content/Textures/Neo3Texture/Neo3_Trigger.uexp" 497
"E:/UE_Projects/RenderingTechniques/Plugins/PICOXR/Content/Textures/Neo3Texture/Neo3_X.uasset" 498
"E:/UE_Projects/RenderingTechniques/Plugins/PICOXR/Content/Textures/Neo3Texture/Neo3_X.uexp" 499
"E:/UE_Projects/RenderingTechniques/Plugins/PICOXR/Content/Textures/Neo3Texture/Neo3_Y.uasset" 500
"E:/UE_Projects/RenderingTechniques/Plugins/PICOXR/Content/Textures/Neo3Texture/Neo3_Y.uexp" 501
"E:/UE_Projects/RenderingTechniques/Plugins/PICOXR/Content/Textures/PICO_4_Textures/PICO_4_controller_Hight.uasset" 502
"E:/UE_Projects/RenderingTechniques/Plugins/PICOXR/Content/Textures/PICO_4_Textures/PICO_4_controller_Hight.uexp" 503
"E:/UE_Projects/RenderingTechniques/Plugins/PICOXR/Content/Textures/PICO_4_Textures/PICO_4_controller_Hight.ubulk" 504
"E:/UE_Projects/RenderingTechniques/Plugins/PICOXR/Content/Textures/PICO_4_Textures/PICO_4_controller_L_AO.uasset" 505
"E:/UE_Projects/RenderingTechniques/Plugins/PICOXR/Content/Textures/PICO_4_Textures/PICO_4_controller_L_AO.uexp" 506
"E:/UE_Projects/RenderingTechniques/Plugins/PICOXR/Content/Textures/PICO_4_Textures/PICO_4_controller_L_AO.ubulk" 507
"E:/UE_Projects/RenderingTechniques/Plugins/PICOXR/Content/Textures/PICO_4_Textures/PICO_4_controller_Normal.uasset" 508
"E:/UE_Projects/RenderingTechniques/Plugins/PICOXR/Content/Textures/PICO_4_Textures/PICO_4_controller_Normal.uexp" 509
"E:/UE_Projects/RenderingTechniques/Plugins/PICOXR/Content/Textures/PICO_4_Textures/PICO_4_controller_Normal.ubulk" 510
"E:/UE_Projects/RenderingTechniques/Plugins/PICOXR/Content/Textures/PICO_4_Textures/PICO_4_controller_R_AO.uasset" 511
"E:/UE_Projects/RenderingTechniques/Plugins/PICOXR/Content/Textures/PICO_4_Textures/PICO_4_controller_R_AO.uexp" 512
"E:/UE_Projects/RenderingTechniques/Plugins/PICOXR/Content/Textures/PICO_4_Textures/PICO_4_controller_R_AO.ubulk" 513
"E:/UE_Projects/RenderingTechniques/Plugins/PICOXR/Content/Textures/PowerTexture/Power0_White.uasset" 514
"E:/UE_Projects/RenderingTechniques/Plugins/PICOXR/Content/Textures/PowerTexture/Power0_White.uexp" 515
"../../../Engine/Content/EngineSky/T_Sky_Stars.uasset" 516
"../../../Engine/Content/EngineSky/T_Sky_Stars.uexp" 517
"../../../Engine/Content/EngineSky/T_Sky_Stars.ubulk" 518
"../../../Engine/Content/EngineSky/T_Sky_Clouds_M.uasset" 519
"../../../Engine/Content/EngineSky/T_Sky_Clouds_M.uexp" 520
"../../../Engine/Content/EngineSky/T_Sky_Clouds_M.ubulk" 521
"../../../Engine/Content/EngineSky/T_Sky_Blue.uasset" 522
"../../../Engine/Content/EngineSky/T_Sky_Blue.uexp" 523
"../../../Engine/Content/EngineSky/T_Sky_Blue.ubulk" 524
"E:/UE_Projects/RenderingTechniques/Content/VirtualReality/Materials/M_BaseMaterial.uasset" 525
"E:/UE_Projects/RenderingTechniques/Content/VirtualReality/Materials/M_BaseMaterial.uexp" 526
"E:/UE_Projects/RenderingTechniques/Content/VirtualReality/Materials/MI_BaseMaterial3.uasset" 527
"E:/UE_Projects/RenderingTechniques/Content/VirtualReality/Materials/MI_BaseMaterial3.uexp" 528
"E:/UE_Projects/RenderingTechniques/Content/VirtualReality/Materials/MI_BaseMaterial2.uasset" 529
"E:/UE_Projects/RenderingTechniques/Content/VirtualReality/Materials/MI_BaseMaterial2.uexp" 530
"../../../Engine/Content/EngineSky/M_Sky_Panning_Clouds2.uasset" 531
"../../../Engine/Content/EngineSky/M_Sky_Panning_Clouds2.uexp" 532
"E:/UE_Projects/RenderingTechniques/Content/RenderingTechniques/CascadedShadow_BuiltData.uasset" 533
"E:/UE_Projects/RenderingTechniques/Content/RenderingTechniques/CascadedShadow_BuiltData.uexp" 534
"E:/UE_Projects/RenderingTechniques/Content/RenderingTechniques/CascadedShadow_BuiltData.ubulk" 535
"E:/UE_Projects/RenderingTechniques/Content/VirtualRealityBP/Blueprints/PickupActorInterface.uasset" 536
"E:/UE_Projects/RenderingTechniques/Content/VirtualRealityBP/Blueprints/PickupActorInterface.uexp" 537
"E:/UE_Projects/RenderingTechniques/Content/VirtualReality/Materials/MI_SmallCubes.uasset" 538
"E:/UE_Projects/RenderingTechniques/Content/VirtualReality/Materials/MI_SmallCubes.uexp" 539
"E:/UE_Projects/RenderingTechniques/Content/Geometry/Meshes/1M_Cube.uasset" 540
"E:/UE_Projects/RenderingTechniques/Content/Geometry/Meshes/1M_Cube.uexp" 541
"E:/UE_Projects/RenderingTechniques/Content/VirtualRealityBP/Blueprints/BP_PickupCube.uasset" 542
"E:/UE_Projects/RenderingTechniques/Content/VirtualRealityBP/Blueprints/BP_PickupCube.uexp" 543
"E:/UE_Projects/RenderingTechniques/Content/RenderingTechniques/Blueprints/WidgetShadowSetup.uasset" 544
"E:/UE_Projects/RenderingTechniques/Content/RenderingTechniques/Blueprints/WidgetShadowSetup.uexp" 545
"E:/UE_Projects/RenderingTechniques/Content/RenderingTechniques/Blueprints/BP_ShadowSetupWidget.uasset" 546
"E:/UE_Projects/RenderingTechniques/Content/RenderingTechniques/Blueprints/BP_ShadowSetupWidget.uexp" 547
"../../../Engine/Content/EngineSky/SM_SkySphere.uasset" 548
"../../../Engine/Content/EngineSky/SM_SkySphere.uexp" 549
"../../../Engine/Content/EngineSky/C_Sky_Zenith_Color.uasset" 550
"../../../Engine/Content/EngineSky/C_Sky_Zenith_Color.uexp" 551
"../../../Engine/Content/EngineSky/C_Sky_Horizon_Color.uasset" 552
"../../../Engine/Content/EngineSky/C_Sky_Horizon_Color.uexp" 553
"../../../Engine/Content/EngineSky/C_Sky_Cloud_Color.uasset" 554
"../../../Engine/Content/EngineSky/C_Sky_Cloud_Color.uexp" 555
"../../../Engine/Content/EditorBlueprintResources/StandardMacros.uasset" 556
"../../../Engine/Content/EditorBlueprintResources/StandardMacros.uexp" 557
"../../../Engine/Content/EngineSky/BP_Sky_Sphere.uasset" 558
"../../../Engine/Content/EngineSky/BP_Sky_Sphere.uexp" 559
"E:/UE_Projects/RenderingTechniques/Content/RenderingTechniques/Blueprints/BP_RotatingLight.uasset" 560
"E:/UE_Projects/RenderingTechniques/Content/RenderingTechniques/Blueprints/BP_RotatingLight.uexp" 561
"../../../Engine/Content/BasicShapes/Sphere.uasset" 562
"../../../Engine/Content/BasicShapes/Sphere.uexp" 563
"E:/UE_Projects/RenderingTechniques/Content/VirtualRealityBP/Blueprints/MotionControllerHaptics.uasset" 564
"E:/UE_Projects/RenderingTechniques/Content/VirtualRealityBP/Blueprints/MotionControllerHaptics.uexp" 565
"E:/UE_Projects/RenderingTechniques/Content/VirtualReality/Meshes/SM_FatCylinder.uasset" 566
"E:/UE_Projects/RenderingTechniques/Content/VirtualReality/Meshes/SM_FatCylinder.uexp" 567
"E:/UE_Projects/RenderingTechniques/Content/VirtualReality/Meshes/BeamMesh.uasset" 568
"E:/UE_Projects/RenderingTechniques/Content/VirtualReality/Meshes/BeamMesh.uexp" 569
"E:/UE_Projects/RenderingTechniques/Content/VirtualReality/Meshes/BeaconDirection.uasset" 570
"E:/UE_Projects/RenderingTechniques/Content/VirtualReality/Meshes/BeaconDirection.uexp" 571
"E:/UE_Projects/RenderingTechniques/Content/VirtualReality/Meshes/1x1_cube.uasset" 572
"E:/UE_Projects/RenderingTechniques/Content/VirtualReality/Meshes/1x1_cube.uexp" 573
"../../../Engine/Content/EngineMaterials/Good64x64TilingNoiseHighFreq.uasset" 574
"../../../Engine/Content/EngineMaterials/Good64x64TilingNoiseHighFreq.uexp" 575
"E:/UE_Projects/RenderingTechniques/Content/VirtualReality/Materials/TeleportMCP.uasset" 576
"E:/UE_Projects/RenderingTechniques/Content/VirtualReality/Materials/TeleportMCP.uexp" 577
"../../../Engine/Content/Functions/Engine_MaterialFunctions02/ScreenResolution.uasset" 578
"../../../Engine/Content/Functions/Engine_MaterialFunctions02/ScreenResolution.uexp" 579
"../../../Engine/Content/Functions/Engine_MaterialFunctions01/Texturing/ScaleUVsByCenter.uasset" 580
"../../../Engine/Content/Functions/Engine_MaterialFunctions01/Texturing/ScaleUVsByCenter.uexp" 581
"../../../Engine/Content/Functions/Engine_MaterialFunctions02/Texturing/ScreenAlignedUVs.uasset" 582
"../../../Engine/Content/Functions/Engine_MaterialFunctions02/Texturing/ScreenAlignedUVs.uexp" 583
"../../../Engine/Content/Functions/Engine_MaterialFunctions02/Utility/DepthFromWorldPosition.uasset" 584
"../../../Engine/Content/Functions/Engine_MaterialFunctions02/Utility/DepthFromWorldPosition.uexp" 585
"E:/UE_Projects/RenderingTechniques/Content/VirtualReality/Materials/MF_OccludedPixels.uasset" 586
"E:/UE_Projects/RenderingTechniques/Content/VirtualReality/Materials/MF_OccludedPixels.uexp" 587
"E:/UE_Projects/RenderingTechniques/Content/VirtualReality/Materials/M_SplineArcMat.uasset" 588
"E:/UE_Projects/RenderingTechniques/Content/VirtualReality/Materials/M_SplineArcMat.uexp" 589
"E:/UE_Projects/RenderingTechniques/Content/VirtualReality/Materials/M_ArcEndpoint.uasset" 590
"E:/UE_Projects/RenderingTechniques/Content/VirtualReality/Materials/M_ArcEndpoint.uexp" 591
"E:/UE_Projects/RenderingTechniques/Content/VirtualReality/Materials/M_TeleportPreviews.uasset" 592
"E:/UE_Projects/RenderingTechniques/Content/VirtualReality/Materials/M_TeleportPreviews.uexp" 593
"E:/UE_Projects/RenderingTechniques/Content/VirtualReality/Materials/MI_TeleportCylinderPreview.uasset" 594
"E:/UE_Projects/RenderingTechniques/Content/VirtualReality/Materials/MI_TeleportCylinderPreview.uexp" 595
"E:/UE_Projects/RenderingTechniques/Content/VirtualReality/Materials/MI_ChaperoneOutline.uasset" 596
"E:/UE_Projects/RenderingTechniques/Content/VirtualReality/Materials/MI_ChaperoneOutline.uexp" 597
"E:/UE_Projects/RenderingTechniques/Content/VirtualRealityBP/Blueprints/GripEnum.uasset" 598
"E:/UE_Projects/RenderingTechniques/Content/VirtualRealityBP/Blueprints/GripEnum.uexp" 599
"E:/UE_Projects/RenderingTechniques/Content/VirtualReality/Mannequin/Character/Mesh/MannequinHand_Right_Skeleton.uasset" 600
"E:/UE_Projects/RenderingTechniques/Content/VirtualReality/Mannequin/Character/Mesh/MannequinHand_Right_Skeleton.uexp" 601
"E:/UE_Projects/RenderingTechniques/Content/VirtualReality/Mannequin/Animations/MannequinHand_Right_CanGrab.uasset" 602
"E:/UE_Projects/RenderingTechniques/Content/VirtualReality/Mannequin/Animations/MannequinHand_Right_CanGrab.uexp" 603
"E:/UE_Projects/RenderingTechniques/Content/VirtualReality/Mannequin/Animations/MannequinHand_Right_Grab.uasset" 604
"E:/UE_Projects/RenderingTechniques/Content/VirtualReality/Mannequin/Animations/MannequinHand_Right_Grab.uexp" 605
"E:/UE_Projects/RenderingTechniques/Content/VirtualReality/Mannequin/Animations/MannequinHand_Right_Open.uasset" 606
"E:/UE_Projects/RenderingTechniques/Content/VirtualReality/Mannequin/Animations/MannequinHand_Right_Open.uexp" 607
"E:/UE_Projects/RenderingTechniques/Content/VirtualReality/Mannequin/Animations/RightGrip_BS.uasset" 608
"E:/UE_Projects/RenderingTechniques/Content/VirtualReality/Mannequin/Animations/RightGrip_BS.uexp" 609
"E:/UE_Projects/RenderingTechniques/Content/VirtualReality/Mannequin/Animations/RightHand_AnimBP.uasset" 610
"E:/UE_Projects/RenderingTechniques/Content/VirtualReality/Mannequin/Animations/RightHand_AnimBP.uexp" 611
"E:/UE_Projects/RenderingTechniques/Content/VirtualReality/Mannequin/Character/Textures/UE4_Mannequin__normals.uasset" 612
"E:/UE_Projects/RenderingTechniques/Content/VirtualReality/Mannequin/Character/Textures/UE4_Mannequin__normals.uexp" 613
"E:/UE_Projects/RenderingTechniques/Content/VirtualReality/Mannequin/Character/Textures/UE4_Mannequin__normals.ubulk" 614
"E:/UE_Projects/RenderingTechniques/Content/VirtualReality/Mannequin/Character/Textures/UE4_Mannequin_MAT_MASKA.uasset" 615
"E:/UE_Projects/RenderingTechniques/Content/VirtualReality/Mannequin/Character/Textures/UE4_Mannequin_MAT_MASKA.uexp" 616
"E:/UE_Projects/RenderingTechniques/Content/VirtualReality/Mannequin/Character/Textures/UE4_Mannequin_MAT_MASKA.ubulk" 617
"E:/UE_Projects/RenderingTechniques/Content/VirtualReality/Mannequin/Character/Materials/M_HandMat.uasset" 618
"E:/UE_Projects/RenderingTechniques/Content/VirtualReality/Mannequin/Character/Materials/M_HandMat.uexp" 619
"E:/UE_Projects/RenderingTechniques/Content/VirtualReality/Mannequin/Character/Mesh/MannequinHand_Right_PhysicsAsset.uasset" 620
"E:/UE_Projects/RenderingTechniques/Content/VirtualReality/Mannequin/Character/Mesh/MannequinHand_Right_PhysicsAsset.uexp" 621
"E:/UE_Projects/RenderingTechniques/Content/VirtualReality/Mannequin/Character/Mesh/MannequinHand_Right.uasset" 622
"E:/UE_Projects/RenderingTechniques/Content/VirtualReality/Mannequin/Character/Mesh/MannequinHand_Right.uexp" 623
"E:/UE_Projects/RenderingTechniques/Content/VirtualRealityBP/Blueprints/BP_MotionController.uasset" 624
"E:/UE_Projects/RenderingTechniques/Content/VirtualRealityBP/Blueprints/BP_MotionController.uexp" 625
"E:/UE_Projects/RenderingTechniques/Content/RenderingTechniques/Blueprints/MyPawnDym.uasset" 626
"E:/UE_Projects/RenderingTechniques/Content/RenderingTechniques/Blueprints/MyPawnDym.uexp" 627
"E:/UE_Projects/RenderingTechniques/Content/RenderingTechniques/CascadedShadow.uexp" 628
"E:/UE_Projects/RenderingTechniques/Content/RenderingTechniques/CascadedShadow.umap" 629
"E:/UE_Projects/RenderingTechniques/Content/RenderingTechniques/LUTs/ue4-vrdemo-lut.uasset" 630
"E:/UE_Projects/RenderingTechniques/Content/RenderingTechniques/LUTs/ue4-vrdemo-lut.uexp" 631
"E:/UE_Projects/RenderingTechniques/Content/RenderingTechniques/LUTs/ue4-vrdemo-lut.ubulk" 632
"E:/UE_Projects/RenderingTechniques/Content/RenderingTechniques/ColorGradeMap_BuiltData.uasset" 633
"E:/UE_Projects/RenderingTechniques/Content/RenderingTechniques/ColorGradeMap_BuiltData.uexp" 634
"E:/UE_Projects/RenderingTechniques/Content/RenderingTechniques/ColorGradeMap_BuiltData.ubulk" 635
"E:/UE_Projects/RenderingTechniques/Content/RenderingTechniques/Blueprints/MyPawnDymColorMap.uasset" 636
"E:/UE_Projects/RenderingTechniques/Content/RenderingTechniques/Blueprints/MyPawnDymColorMap.uexp" 637
"E:/UE_Projects/RenderingTechniques/Content/RenderingTechniques/ColorGradeMap.uexp" 638
"E:/UE_Projects/RenderingTechniques/Content/RenderingTechniques/ColorGradeMap.umap" 639
"E:/UE_Projects/RenderingTechniques/Content/RenderingTechniques/MatAndTeX/TextSample_Aniso.uasset" 640
"E:/UE_Projects/RenderingTechniques/Content/RenderingTechniques/MatAndTeX/TextSample_Aniso.uexp" 641
"E:/UE_Projects/RenderingTechniques/Content/RenderingTechniques/MatAndTeX/TextSample_AnisoMat.uasset" 642
"E:/UE_Projects/RenderingTechniques/Content/RenderingTechniques/MatAndTeX/TextSample_AnisoMat.uexp" 643
"E:/UE_Projects/RenderingTechniques/Content/RenderingTechniques/MatAndTeX/TextSample_MipMap.uasset" 644
"E:/UE_Projects/RenderingTechniques/Content/RenderingTechniques/MatAndTeX/TextSample_MipMap.uexp" 645
"E:/UE_Projects/RenderingTechniques/Content/RenderingTechniques/MatAndTeX/TextSample_MipmappedMat.uasset" 646
"E:/UE_Projects/RenderingTechniques/Content/RenderingTechniques/MatAndTeX/TextSample_MipmappedMat.uexp" 647
"E:/UE_Projects/RenderingTechniques/Content/RenderingTechniques/MatAndTeX/TextSample_AnisoBias.uasset" 648
"E:/UE_Projects/RenderingTechniques/Content/RenderingTechniques/MatAndTeX/TextSample_AnisoBias.uexp" 649
"E:/UE_Projects/RenderingTechniques/Content/RenderingTechniques/MatAndTeX/TextSample_NoMipMat.uasset" 650
"E:/UE_Projects/RenderingTechniques/Content/RenderingTechniques/MatAndTeX/TextSample_NoMipMat.uexp" 651
"E:/UE_Projects/RenderingTechniques/Content/RenderingTechniques/MatAndTeX/TextSample_Trilinear.uasset" 652
"E:/UE_Projects/RenderingTechniques/Content/RenderingTechniques/MatAndTeX/TextSample_Trilinear.uexp" 653
"E:/UE_Projects/RenderingTechniques/Content/RenderingTechniques/MatAndTeX/TextSample_TrilinearMat.uasset" 654
"E:/UE_Projects/RenderingTechniques/Content/RenderingTechniques/MatAndTeX/TextSample_TrilinearMat.uexp" 655
"E:/UE_Projects/RenderingTechniques/Content/RenderingTechniques/MatAndTeX/TextSample_AnisoMatBias.uasset" 656
"E:/UE_Projects/RenderingTechniques/Content/RenderingTechniques/MatAndTeX/TextSample_AnisoMatBias.uexp" 657
"E:/UE_Projects/RenderingTechniques/Content/RenderingTechniques/Blueprints/WidgetTextGroup.uasset" 658
"E:/UE_Projects/RenderingTechniques/Content/RenderingTechniques/Blueprints/WidgetTextGroup.uexp" 659
"E:/UE_Projects/RenderingTechniques/Content/RenderingTechniques/Blueprints/BP_TextGroup.uasset" 660
"E:/UE_Projects/RenderingTechniques/Content/RenderingTechniques/Blueprints/BP_TextGroup.uexp" 661
"E:/UE_Projects/RenderingTechniques/Content/RenderingTechniques/TextRendering_BuiltData.uasset" 662
"E:/UE_Projects/RenderingTechniques/Content/RenderingTechniques/TextRendering_BuiltData.uexp" 663
"E:/UE_Projects/RenderingTechniques/Content/RenderingTechniques/TextRendering_BuiltData.ubulk" 664
"E:/UE_Projects/RenderingTechniques/Content/RenderingTechniques/TextRendering.uexp" 665
"E:/UE_Projects/RenderingTechniques/Content/RenderingTechniques/TextRendering.umap" 666
"E:/UE_Projects/RenderingTechniques/Content/RenderingTechniques/TextRendering_StereoLayer_BuiltData.uasset" 667
"E:/UE_Projects/RenderingTechniques/Content/RenderingTechniques/TextRendering_StereoLayer_BuiltData.uexp" 668
"E:/UE_Projects/RenderingTechniques/Content/RenderingTechniques/TextRendering_StereoLayer_BuiltData.ubulk" 669
"E:/UE_Projects/RenderingTechniques/Content/RenderingTechniques/TextRendering_StereoLayer.uexp" 670
"E:/UE_Projects/RenderingTechniques/Content/RenderingTechniques/TextRendering_StereoLayer.umap" 671
"E:/UE_Projects/RenderingTechniques/Content/VirtualRealityBP/Maps/HMDLocomotionMap_BuiltData.uasset" 672
"E:/UE_Projects/RenderingTechniques/Content/VirtualRealityBP/Maps/HMDLocomotionMap_BuiltData.uexp" 673
"E:/UE_Projects/RenderingTechniques/Content/VirtualRealityBP/Maps/HMDLocomotionMap_BuiltData.ubulk" 674
"E:/UE_Projects/RenderingTechniques/Content/VirtualRealityBP/Blueprints/HMDLocomotionPawn.uasset" 675
"E:/UE_Projects/RenderingTechniques/Content/VirtualRealityBP/Blueprints/HMDLocomotionPawn.uexp" 676
"E:/UE_Projects/RenderingTechniques/Content/VirtualRealityBP/Maps/HMDLocomotionMap.uexp" 677
"E:/UE_Projects/RenderingTechniques/Content/VirtualRealityBP/Maps/HMDLocomotionMap.umap" 678
"E:/UE_Projects/RenderingTechniques/Content/VirtualRealityBP/Maps/MotionControllerMap_BuiltData.uasset" 679
"E:/UE_Projects/RenderingTechniques/Content/VirtualRealityBP/Maps/MotionControllerMap_BuiltData.uexp" 680
"E:/UE_Projects/RenderingTechniques/Content/VirtualRealityBP/Maps/MotionControllerMap_BuiltData.ubulk" 681
"E:/UE_Projects/RenderingTechniques/Content/VirtualRealityBP/Blueprints/MotionControllerPawn.uasset" 682
"E:/UE_Projects/RenderingTechniques/Content/VirtualRealityBP/Blueprints/MotionControllerPawn.uexp" 683
"E:/UE_Projects/RenderingTechniques/Content/VirtualRealityBP/Maps/MotionControllerMap.uexp" 684
"E:/UE_Projects/RenderingTechniques/Content/VirtualRealityBP/Maps/MotionControllerMap.umap" 685
"../../../Engine/Content/MapTemplates/Sky/DaylightAmbientCubemap.uasset" 686
"../../../Engine/Content/MapTemplates/Sky/DaylightAmbientCubemap.uexp" 687
"E:/UE_Projects/RenderingTechniques/Content/VirtualRealityBP/Maps/StartupMap_BuiltData.uasset" 688
"E:/UE_Projects/RenderingTechniques/Content/VirtualRealityBP/Maps/StartupMap_BuiltData.uexp" 689
"E:/UE_Projects/RenderingTechniques/Content/VirtualRealityBP/Maps/StartupMap_BuiltData.ubulk" 690
"E:/UE_Projects/RenderingTechniques/Content/VirtualReality/Materials/GenericHMDMaterial.uasset" 691
"E:/UE_Projects/RenderingTechniques/Content/VirtualReality/Materials/GenericHMDMaterial.uexp" 692
"E:/UE_Projects/RenderingTechniques/Content/VirtualReality/Meshes/GenericHMD.uasset" 693
"E:/UE_Projects/RenderingTechniques/Content/VirtualReality/Meshes/GenericHMD.uexp" 694
"E:/UE_Projects/RenderingTechniques/Content/VirtualRealityBP/Maps/StartupMap.uexp" 695
"E:/UE_Projects/RenderingTechniques/Content/VirtualRealityBP/Maps/StartupMap.umap" 696
"../../../Engine/Content/Maps/Entry_BuiltData.uasset" 697
"../../../Engine/Content/Maps/Entry_BuiltData.uexp" 698
"../../../Engine/Content/Maps/Entry.uexp" 699
"../../../Engine/Content/Maps/Entry.umap" 700
